# JRE version: OpenJDK Runtime Environment (8.0_242) (build 1.8.0_242-release-1644-b3-6222593)
# Java VM: OpenJDK 64-Bit Server VM (25.242-b3-6222593 mixed mode linux-amd64 compressed oops)
Heap:
 PSYoungGen      total 472064K, used 135538K [0x00000000d5580000, 0x00000000fe600000, 0x0000000100000000)
  eden space 459264K, 26% used [0x00000000d5580000,0x00000000dcd65e48,0x00000000f1600000)
  from space 12800K, 99% used [0x00000000f2900000,0x00000000f3576a18,0x00000000f3580000)
  to   space 106496K, 0% used [0x00000000f7e00000,0x00000000f7e00000,0x00000000fe600000)
 ParOldGen       total 244736K, used 183684K [0x0000000080000000, 0x000000008ef00000, 0x00000000d5580000)
  object space 244736K, 75% used [0x0000000080000000,0x000000008b3612f0,0x000000008ef00000)
 Metaspace       used 97006K, capacity 103394K, committed 103592K, reserved 1138688K
  class space    used 12599K, capacity 13665K, committed 13744K, reserved 1048576K
GC Heap History (10 events):
Event: 1280.040 GC heap before
{Heap before GC invocations=23 (full 4):
 PSYoungGen      total 561664K, used 561657K [0x00000000d5580000, 0x00000000fec00000, 0x0000000100000000)
  eden space 490496K, 100% used [0x00000000d5580000,0x00000000f3480000,0x00000000f3480000)
  from space 71168K, 99% used [0x00000000f8c00000,0x00000000fd17e440,0x00000000fd180000)
  to   space 89600K, 0% used [0x00000000f3480000,0x00000000f3480000,0x00000000f8c00000)
 ParOldGen       total 244736K, used 135873K [0x0000000080000000, 0x000000008ef00000, 0x00000000d5580000)
  object space 244736K, 55% used [0x0000000080000000,0x00000000884b04a0,0x000000008ef00000)
 Metaspace       used 95568K, capacity 101054K, committed 101288K, reserved 1136640K
  class space    used 12461K, capacity 13417K, committed 13488K, reserved 1048576K
Event: 1280.370 GC heap after
Heap after GC invocations=23 (full 4):
 PSYoungGen      total 580096K, used 89578K [0x00000000d5580000, 0x0000000100000000, 0x0000000100000000)
  eden space 490496K, 0% used [0x00000000d5580000,0x00000000d5580000,0x00000000f3480000)
  from space 89600K, 99% used [0x00000000f3480000,0x00000000f8bfab50,0x00000000f8c00000)
  to   space 109568K, 0% used [0x00000000f9500000,0x00000000f9500000,0x0000000100000000)
 ParOldGen       total 244736K, used 147059K [0x0000000080000000, 0x000000008ef00000, 0x00000000d5580000)
  object space 244736K, 60% used [0x0000000080000000,0x0000000088f9ce30,0x000000008ef00000)
 Metaspace       used 95568K, capacity 101054K, committed 101288K, reserved 1136640K
  class space    used 12461K, capacity 13417K, committed 13488K, reserved 1048576K
}
Event: 1551.187 GC heap before
{Heap before GC invocations=24 (full 4):
 PSYoungGen      total 580096K, used 580074K [0x00000000d5580000, 0x0000000100000000, 0x0000000100000000)
  eden space 490496K, 100% used [0x00000000d5580000,0x00000000f3480000,0x00000000f3480000)
  from space 89600K, 99% used [0x00000000f3480000,0x00000000f8bfab50,0x00000000f8c00000)
  to   space 109568K, 0% used [0x00000000f9500000,0x00000000f9500000,0x0000000100000000)
 ParOldGen       total 244736K, used 147059K [0x0000000080000000, 0x000000008ef00000, 0x00000000d5580000)
  object space 244736K, 60% used [0x0000000080000000,0x0000000088f9ce30,0x000000008ef00000)
 Metaspace       used 96367K, capacity 102610K, committed 102824K, reserved 1138688K
  class space    used 12583K, capacity 13643K, committed 13744K, reserved 1048576K
Event: 1551.611 GC heap after
Heap after GC invocations=24 (full 4):
 PSYoungGen      total 586240K, used 61811K [0x00000000d5580000, 0x0000000100000000, 0x0000000100000000)
  eden space 476672K, 0% used [0x00000000d5580000,0x00000000d5580000,0x00000000f2700000)
  from space 109568K, 56% used [0x00000000f9500000,0x00000000fd15cdb0,0x0000000100000000)
  to   space 111104K, 0% used [0x00000000f2700000,0x00000000f2700000,0x00000000f9380000)
 ParOldGen       total 244736K, used 183660K [0x0000000080000000, 0x000000008ef00000, 0x00000000d5580000)
  object space 244736K, 75% used [0x0000000080000000,0x000000008b35b2f0,0x000000008ef00000)
 Metaspace       used 96367K, capacity 102610K, committed 102824K, reserved 1138688K
  class space    used 12583K, capacity 13643K, committed 13744K, reserved 1048576K
}
Event: 1611.528 GC heap before
{Heap before GC invocations=25 (full 4):
 PSYoungGen      total 586240K, used 538483K [0x00000000d5580000, 0x0000000100000000, 0x0000000100000000)
  eden space 476672K, 100% used [0x00000000d5580000,0x00000000f2700000,0x00000000f2700000)
  from space 109568K, 56% used [0x00000000f9500000,0x00000000fd15cdb0,0x0000000100000000)
  to   space 111104K, 0% used [0x00000000f2700000,0x00000000f2700000,0x00000000f9380000)
 ParOldGen       total 244736K, used 183660K [0x0000000080000000, 0x000000008ef00000, 0x00000000d5580000)
  object space 244736K, 75% used [0x0000000080000000,0x000000008b35b2f0,0x000000008ef00000)
 Metaspace       used 96566K, capacity 102990K, committed 103080K, reserved 1138688K
  class space    used 12595K, capacity 13663K, committed 13744K, reserved 1048576K
Event: 1611.697 GC heap after
Heap after GC invocations=25 (full 4):
 PSYoungGen      total 538112K, used 61423K [0x00000000d5580000, 0x0000000100000000, 0x0000000100000000)
  eden space 476672K, 0% used [0x00000000d5580000,0x00000000d5580000,0x00000000f2700000)
  from space 61440K, 99% used [0x00000000f2700000,0x00000000f62fbfc0,0x00000000f6300000)
  to   space 111616K, 0% used [0x00000000f9300000,0x00000000f9300000,0x0000000100000000)
 ParOldGen       total 244736K, used 183668K [0x0000000080000000, 0x000000008ef00000, 0x00000000d5580000)
  object space 244736K, 75% used [0x0000000080000000,0x000000008b35d2f0,0x000000008ef00000)
 Metaspace       used 96566K, capacity 102990K, committed 103080K, reserved 1138688K
  class space    used 12595K, capacity 13663K, committed 13744K, reserved 1048576K
}
Event: 2421.202 GC heap before
{Heap before GC invocations=26 (full 4):
 PSYoungGen      total 538112K, used 538095K [0x00000000d5580000, 0x0000000100000000, 0x0000000100000000)
  eden space 476672K, 100% used [0x00000000d5580000,0x00000000f2700000,0x00000000f2700000)
  from space 61440K, 99% used [0x00000000f2700000,0x00000000f62fbfc0,0x00000000f6300000)
  to   space 111616K, 0% used [0x00000000f9300000,0x00000000f9300000,0x0000000100000000)
 ParOldGen       total 244736K, used 183668K [0x0000000080000000, 0x000000008ef00000, 0x00000000d5580000)
  object space 244736K, 75% used [0x0000000080000000,0x000000008b35d2f0,0x000000008ef00000)
 Metaspace       used 96755K, capacity 103118K, committed 103336K, reserved 1138688K
  class space    used 12596K, capacity 13663K, committed 13744K, reserved 1048576K
Event: 2421.244 GC heap after
Heap after GC invocations=26 (full 4):
 PSYoungGen      total 590336K, used 19537K [0x00000000d5580000, 0x0000000100000000, 0x0000000100000000)
  eden space 478720K, 0% used [0x00000000d5580000,0x00000000d5580000,0x00000000f2900000)
  from space 111616K, 17% used [0x00000000f9300000,0x00000000fa6144a0,0x0000000100000000)
  to   space 108544K, 0% used [0x00000000f2900000,0x00000000f2900000,0x00000000f9300000)
 ParOldGen       total 244736K, used 183676K [0x0000000080000000, 0x000000008ef00000, 0x00000000d5580000)
  object space 244736K, 75% used [0x0000000080000000,0x000000008b35f2f0,0x000000008ef00000)
 Metaspace       used 96755K, capacity 103118K, committed 103336K, reserved 1138688K
  class space    used 12596K, capacity 13663K, committed 13744K, reserved 1048576K
}
Event: 3262.832 GC heap before
{Heap before GC invocations=27 (full 4):
 PSYoungGen      total 590336K, used 498257K [0x00000000d5580000, 0x0000000100000000, 0x0000000100000000)
  eden space 478720K, 100% used [0x00000000d5580000,0x00000000f2900000,0x00000000f2900000)
  from space 111616K, 17% used [0x00000000f9300000,0x00000000fa6144a0,0x0000000100000000)
  to   space 108544K, 0% used [0x00000000f2900000,0x00000000f2900000,0x00000000f9300000)
 ParOldGen       total 244736K, used 183676K [0x0000000080000000, 0x000000008ef00000, 0x00000000d5580000)
  object space 244736K, 75% used [0x0000000080000000,0x000000008b35f2f0,0x000000008ef00000)
 Metaspace       used 96868K, capacity 103266K, committed 103592K, reserved 1138688K
  class space    used 12598K, capacity 13665K, committed 13744K, reserved 1048576K
Event: 3262.916 GC heap after
Heap after GC invocations=27 (full 4):
 PSYoungGen      total 472064K, used 12762K [0x00000000d5580000, 0x00000000fe600000, 0x0000000100000000)
  eden space 459264K, 0% used [0x00000000d5580000,0x00000000d5580000,0x00000000f1600000)
  from space 12800K, 99% used [0x00000000f2900000,0x00000000f3576a18,0x00000000f3580000)
  to   space 106496K, 0% used [0x00000000f7e00000,0x00000000f7e00000,0x00000000fe600000)
 ParOldGen       total 244736K, used 183684K [0x0000000080000000, 0x000000008ef00000, 0x00000000d5580000)
  object space 244736K, 75% used [0x0000000080000000,0x000000008b3612f0,0x000000008ef00000)
 Metaspace       used 96868K, capacity 103266K, committed 103592K, reserved 1138688K
  class space    used 12598K, capacity 13665K, committed 13744K, reserved 1048576K
}

